<?xml version="1.0" encoding="UTF-8"?>
<testng-results skipped="0" failed="0" ignored="0" total="1" passed="1">
  <reporter-output>
  </reporter-output>
  <suite name="Default suite" duration-ms="6547" started-at="2018-07-11T13:10:03Z" finished-at="2018-07-11T13:10:10Z">
    <groups>
    </groups>
    <test name="Default test" duration-ms="6547" started-at="2018-07-11T13:10:03Z" finished-at="2018-07-11T13:10:10Z">
      <class name="property_config.Proper">
        <test-method status="PASS" signature="setup()[pri:0, instance:property_config.Proper@39c0f4a]" name="setup" is-config="true" duration-ms="2884" started-at="2018-07-11T13:10:03Z" finished-at="2018-07-11T13:10:06Z">
          <reporter-output>
          </reporter-output>
        </test-method> <!-- setup -->
        <test-method status="PASS" signature="login()[pri:0, instance:property_config.Proper@39c0f4a]" name="login" duration-ms="3641" started-at="2018-07-11T13:10:06Z" finished-at="2018-07-11T13:10:10Z">
          <reporter-output>
          </reporter-output>
        </test-method> <!-- login -->
        <test-method status="PASS" signature="setUpApplication()[pri:0, instance:property_config.Proper@39c0f4a]" name="setUpApplication" is-config="true" duration-ms="0" started-at="2018-07-11T13:10:06Z" finished-at="2018-07-11T13:10:06Z">
          <reporter-output>
          </reporter-output>
        </test-method> <!-- setUpApplication -->
      </class> <!-- property_config.Proper -->
    </test> <!-- Default test -->
  </suite> <!-- Default suite -->
</testng-results>
